<?xml version="1.0" encoding="UTF-8"?>
<!-- Generated by org.testng.reporters.JUnitReportReporter -->
<testsuite hostname="Abhijeets-MacBook-Air.local" failures="0" tests="1" name="Utility.Report" time="3.552" errors="0" timestamp="2024-03-28T03:42:01 IST" skipped="0">
  <testcase classname="Utility.Report" name="initialDemo" time="3.552"/>
</testsuite> <!-- Utility.Report -->
