<?xml version="1.0" encoding="UTF-8"?>
<!-- Generated by org.testng.reporters.JUnitReportReporter -->
<testsuite hostname="Abhijeets-MacBook-Air.local" failures="0" tests="2" name="Base.StandAloneTest" time="8.791" errors="0" timestamp="2024-03-28T02:38:10 IST" skipped="0">
  <testcase classname="Base.StandAloneTest" name="ordersHistory" time="3.786"/>
  <testcase classname="Base.StandAloneTest" name="submitOrder" time="5.005"/>
</testsuite> <!-- Base.StandAloneTest -->
