<?xml version="1.0" encoding="UTF-8"?>
<!-- Generated by org.testng.reporters.JUnitReportReporter -->
<testsuite hostname="Abhijeets-MacBook-Air.local" failures="0" tests="2" name="Base.StandAloneTest" time="10.169" errors="0" timestamp="2024-03-31T12:18:20 IST" skipped="0">
  <testcase classname="Base.StandAloneTest" name="ordersHistory" time="3.754"/>
  <testcase classname="Base.StandAloneTest" name="submitOrder" time="6.415"/>
</testsuite> <!-- Base.StandAloneTest -->
